This file contains any messages produced by compilers while
running configure, to aid debugging if configure makes a mistake.

It was created by configure, which was
generated by GNU Autoconf 2.61.  Invocation command line was

  $ ./configure 

## --------- ##
## Platform. ##
## --------- ##

hostname = crito
uname -m = i686
uname -r = 2.6.26-2-686
uname -s = Linux
uname -v = #1 SMP Wed Aug 19 06:06:52 UTC 2009

/usr/bin/uname -p = unknown
/bin/uname -X     = unknown

/bin/arch              = unknown
/usr/bin/arch -k       = unknown
/usr/convex/getsysinfo = unknown
/usr/bin/hostinfo      = unknown
/bin/machine           = unknown
/usr/bin/oslevel       = unknown
/bin/universe          = unknown

PATH: /home/hefner/alchemy-ubuntu-v0.5a/bin
PATH: /home/hefner/bin
PATH: /usr/local/bin
PATH: /usr/bin
PATH: /bin
PATH: /usr/games
PATH: /sbin
PATH: /usr/sbin


## ----------- ##
## Core tests. ##
## ----------- ##

configure:1760: checking for a BSD-compatible install
configure:1816: result: /usr/bin/install -c
configure:1827: checking whether build environment is sane
configure:1870: result: yes
configure:1894: WARNING: `missing' script is too old or missing
configure:1898: checking for a thread-safe mkdir -p
configure:1937: result: /bin/mkdir -p
configure:1950: checking for gawk
configure:1966: found /usr/bin/gawk
configure:1977: result: gawk
configure:1988: checking whether make sets $(MAKE)
configure:2009: result: yes
configure:2204: checking build system type
configure:2222: result: i686-pc-linux-gnu
configure:2244: checking host system type
configure:2259: result: i686-pc-linux-gnu
configure:2281: checking target system type
configure:2296: result: i686-pc-linux-gnu
configure:2326: checking whether make sets $(MAKE)
configure:2347: result: yes
configure:2404: checking for gcc
configure:2420: found /usr/bin/gcc
configure:2431: result: gcc
configure:2669: checking for C compiler version
configure:2676: gcc --version >&5
gcc (Debian 4.3.2-1) 4.3.2
Copyright (C) 2008 Free Software Foundation, Inc.
This is free software; see the source for copying conditions.  There is NO
warranty; not even for MERCHANTABILITY or FITNESS FOR A PARTICULAR PURPOSE.

configure:2679: $? = 0
configure:2686: gcc -v >&5
Using built-in specs.
Target: i486-linux-gnu
Configured with: ../src/configure -v --with-pkgversion='Debian 4.3.2-1' --with-bugurl=file:///usr/share/doc/gcc-4.3/README.Bugs --enable-languages=c,c++,fortran,objc,obj-c++ --prefix=/usr --enable-shared --with-system-zlib --libexecdir=/usr/lib --without-included-gettext --enable-threads=posix --enable-nls --with-gxx-include-dir=/usr/include/c++/4.3 --program-suffix=-4.3 --enable-clocale=gnu --enable-libstdcxx-debug --enable-objc-gc --enable-mpfr --enable-targets=all --enable-cld --enable-checking=release --build=i486-linux-gnu --host=i486-linux-gnu --target=i486-linux-gnu
Thread model: posix
gcc version 4.3.2 (Debian 4.3.2-1) 
configure:2689: $? = 0
configure:2696: gcc -V >&5
gcc: '-V' option must have argument
configure:2699: $? = 1
configure:2722: checking for C compiler default output file name
configure:2749: gcc    conftest.c  >&5
configure:2752: $? = 0
configure:2790: result: a.out
configure:2807: checking whether the C compiler works
configure:2817: ./a.out
configure:2820: $? = 0
configure:2837: result: yes
configure:2844: checking whether we are cross compiling
configure:2846: result: no
configure:2849: checking for suffix of executables
configure:2856: gcc -o conftest    conftest.c  >&5
configure:2859: $? = 0
configure:2883: result: 
configure:2889: checking for suffix of object files
configure:2915: gcc -c   conftest.c >&5
configure:2918: $? = 0
configure:2941: result: o
configure:2945: checking whether we are using the GNU C compiler
configure:2974: gcc -c   conftest.c >&5
configure:2980: $? = 0
configure:2997: result: yes
configure:3002: checking whether gcc accepts -g
configure:3032: gcc -c -g  conftest.c >&5
configure:3038: $? = 0
configure:3137: result: yes
configure:3154: checking for gcc option to accept ISO C89
configure:3228: gcc  -c -g -O2  conftest.c >&5
configure:3234: $? = 0
configure:3257: result: none needed
configure:3286: checking for style of include used by make
configure:3314: result: GNU
configure:3339: checking dependency style of gcc
configure:3430: result: gcc3
configure:3458: checking for a BSD-compatible install
configure:3514: result: /usr/bin/install -c
configure:3535: checking dependency style of gcc
configure:3626: result: gcc3
configure:3642: checking target system type
configure:3657: result: i686-pc-linux-gnu
configure:3753: checking for sdl-config
configure:3771: found /usr/bin/sdl-config
configure:3784: result: /usr/bin/sdl-config
configure:3793: checking for SDL - version >= 1.2.0
configure:3885: gcc -o conftest -g  -O6 -ffast-math -funroll-loops -fomit-frame-pointer -fexpensive-optimizations -I/usr/include/SDL -D_GNU_SOURCE=1 -D_REENTRANT   conftest.c  -L/usr/lib -lSDL >&5
configure:3888: $? = 0
configure:3894: ./conftest
configure:3897: $? = 0
configure:3917: result: yes
configure:4188: creating ./config.status

## ---------------------- ##
## Running config.status. ##
## ---------------------- ##

This file was extended by config.status, which was
generated by GNU Autoconf 2.61.  Invocation command line was

  CONFIG_FILES    = 
  CONFIG_HEADERS  = 
  CONFIG_LINKS    = 
  CONFIG_COMMANDS = 
  $ ./config.status 

on crito

config.status:641: creating Makefile
config.status:832: executing depfiles commands

## ---------------- ##
## Cache variables. ##
## ---------------- ##

ac_cv_build=i686-pc-linux-gnu
ac_cv_c_compiler_gnu=yes
ac_cv_env_CCASFLAGS_set=
ac_cv_env_CCASFLAGS_value=
ac_cv_env_CCAS_set=
ac_cv_env_CCAS_value=
ac_cv_env_CC_set=
ac_cv_env_CC_value=
ac_cv_env_CFLAGS_set=
ac_cv_env_CFLAGS_value=
ac_cv_env_CPPFLAGS_set=
ac_cv_env_CPPFLAGS_value=
ac_cv_env_LDFLAGS_set=
ac_cv_env_LDFLAGS_value=
ac_cv_env_LIBS_set=
ac_cv_env_LIBS_value=
ac_cv_env_build_alias_set=
ac_cv_env_build_alias_value=
ac_cv_env_host_alias_set=
ac_cv_env_host_alias_value=
ac_cv_env_target_alias_set=
ac_cv_env_target_alias_value=
ac_cv_host=i686-pc-linux-gnu
ac_cv_objext=o
ac_cv_path_SDL_CONFIG=/usr/bin/sdl-config
ac_cv_path_install='/usr/bin/install -c'
ac_cv_path_mkdir=/bin/mkdir
ac_cv_prog_AWK=gawk
ac_cv_prog_ac_ct_CC=gcc
ac_cv_prog_cc_c89=
ac_cv_prog_cc_g=yes
ac_cv_prog_make_make_set=yes
ac_cv_target=i686-pc-linux-gnu
am_cv_CCAS_dependencies_compiler_type=gcc3
am_cv_CC_dependencies_compiler_type=gcc3

## ----------------- ##
## Output variables. ##
## ----------------- ##

ACLOCAL='aclocal-1.10'
AMDEPBACKSLASH='\'
AMDEP_FALSE='#'
AMDEP_TRUE=''
AMTAR='tar'
AUTOCONF='autoconf'
AUTOHEADER='autoheader'
AUTOMAKE='automake-1.10'
AWK='gawk'
CC='gcc'
CCAS='gcc'
CCASDEPMODE='depmode=gcc3'
CCASFLAGS='-g -O2'
CCDEPMODE='depmode=gcc3'
CFLAGS='-g  -O6 -ffast-math -funroll-loops -fomit-frame-pointer -fexpensive-optimizations -I/usr/include/SDL -D_GNU_SOURCE=1 -D_REENTRANT -DSDL -DELF'
CPPFLAGS=''
CYGPATH_W='echo'
DEFS='-DPACKAGE_NAME=\"\" -DPACKAGE_TARNAME=\"\" -DPACKAGE_VERSION=\"\" -DPACKAGE_STRING=\"\" -DPACKAGE_BUGREPORT=\"\" -DPACKAGE=\"sdlquake\" -DVERSION=\"1.0.9\"'
DEPDIR='.deps'
ECHO_C=''
ECHO_N='-n'
ECHO_T=''
EXEEXT=''
ICONOBJ=''
INETLIB=''
INSTALL_DATA='${INSTALL} -m 644'
INSTALL_PROGRAM='${INSTALL}'
INSTALL_SCRIPT='${INSTALL}'
INSTALL_STRIP_PROGRAM='$(install_sh) -c -s'
LDFLAGS=''
LIBOBJS=''
LIBS=' -L/usr/lib -lSDL'
LTLIBOBJS=''
MAKEINFO='makeinfo'
MATHLIB='-lm'
OBJEXT='o'
PACKAGE='sdlquake'
PACKAGE_BUGREPORT=''
PACKAGE_NAME=''
PACKAGE_STRING=''
PACKAGE_TARNAME=''
PACKAGE_VERSION=''
PATH_SEPARATOR=':'
SDL_CFLAGS='-I/usr/include/SDL -D_GNU_SOURCE=1 -D_REENTRANT'
SDL_CONFIG='/usr/bin/sdl-config'
SDL_LIBS='-L/usr/lib -lSDL'
SET_MAKE=''
SHELL='/bin/sh'
STRIP=''
VERSION='1.0.9'
ac_ct_CC='gcc'
am__fastdepCCAS_FALSE='#'
am__fastdepCCAS_TRUE=''
am__fastdepCC_FALSE='#'
am__fastdepCC_TRUE=''
am__include='include'
am__isrc=''
am__leading_dot='.'
am__quote=''
am__tar='${AMTAR} chof - "$$tardir"'
am__untar='${AMTAR} xf -'
bindir='${exec_prefix}/bin'
build='i686-pc-linux-gnu'
build_alias=''
build_cpu='i686'
build_os='linux-gnu'
build_vendor='pc'
datadir='${datarootdir}'
datarootdir='${prefix}/share'
docdir='${datarootdir}/doc/${PACKAGE}'
dvidir='${docdir}'
exec_prefix='${prefix}'
host='i686-pc-linux-gnu'
host_alias=''
host_cpu='i686'
host_os='linux-gnu'
host_vendor='pc'
htmldir='${docdir}'
includedir='${prefix}/include'
infodir='${datarootdir}/info'
install_sh='$(SHELL) /home/hefner/sdlquake-1.0.9/install-sh'
libdir='${exec_prefix}/lib'
libexecdir='${exec_prefix}/libexec'
localedir='${datarootdir}/locale'
localstatedir='${prefix}/var'
mandir='${datarootdir}/man'
mkdir_p='/bin/mkdir -p'
oldincludedir='/usr/include'
pdfdir='${docdir}'
prefix='/usr/local'
program_transform_name='s,x,x,'
psdir='${docdir}'
sbindir='${exec_prefix}/sbin'
sharedstatedir='${prefix}/com'
sysconfdir='${prefix}/etc'
target='i686-pc-linux-gnu'
target_alias=''
target_cpu='i686'
target_os='linux-gnu'
target_vendor='pc'

## ----------- ##
## confdefs.h. ##
## ----------- ##

#define PACKAGE_NAME ""
#define PACKAGE_TARNAME ""
#define PACKAGE_VERSION ""
#define PACKAGE_STRING ""
#define PACKAGE_BUGREPORT ""
#define PACKAGE "sdlquake"
#define VERSION "1.0.9"

configure: exit 0
